#-----------------------------------------------------------
# Webtalk v2019.1 (64-bit)
# SW Build 2552052 on Fri May 24 14:49:42 MDT 2019
# 
# Start of session at: Tue Dec 13 12:35:00 2022
# Process ID: 14388
# Current directory: C:/Users/ssinharoy/Desktop/CryptographicHardware22/assignments/Assignment2/project_1/project_1.sdk/webtalk
# Command line: wbtcv.exe -mode batch -source sdk_webtalk.tcl
# Log file: C:/Users/ssinharoy/Desktop/CryptographicHardware22/assignments/Assignment2/project_1/project_1.sdk/webtalk/webtalk.log
# Journal file: C:/Users/ssinharoy/Desktop/CryptographicHardware22/assignments/Assignment2/project_1/project_1.sdk/webtalk\webtalk.jou
#-----------------------------------------------------------
source sdk_webtalk.tcl
# webtalk_init -webtalk_dir C:\\Users\\ssinharoy\\Desktop\\CryptographicHardware22\\assignments\\Assignment2\\project_1\\project_1.sdk\\webtalk
# webtalk_register_client -client project
# webtalk_add_data -client project -key date_generated -value "2022-12-13 12:34:59" -context "software_version_and_target_device"
# webtalk_add_data -client project -key product_version -value "SDK v2019.1" -context "software_version_and_target_device"
# webtalk_add_data -client project -key build_version -value "2019.1" -context "software_version_and_target_device"
# webtalk_add_data -client project -key os_platform -value "amd64" -context "software_version_and_target_device"
# webtalk_add_data -client project -key registration_id -value "211074094_1777518027_210734873_404" -context "software_version_and_target_device"
# webtalk_add_data -client project -key tool_flow -value "SDK" -context "software_version_and_target_device"
# webtalk_add_data -client project -key beta -value "false" -context "software_version_and_target_device"
# webtalk_add_data -client project -key route_design -value "NA" -context "software_version_and_target_device"
# webtalk_add_data -client project -key target_family -value "NA" -context "software_version_and_target_device"
# webtalk_add_data -client project -key target_device -value "NA" -context "software_version_and_target_device"
# webtalk_add_data -client project -key target_package -value "NA" -context "software_version_and_target_device"
# webtalk_add_data -client project -key target_speed -value "NA" -context "software_version_and_target_device"
# webtalk_add_data -client project -key random_id -value "1mbala18saou5dpulpi071ftme" -context "software_version_and_target_device"
# webtalk_add_data -client project -key project_id -value "2019.1_22" -context "software_version_and_target_device"
# webtalk_add_data -client project -key project_iteration -value "22" -context "software_version_and_target_device"
# webtalk_add_data -client project -key os_name -value "Microsoft Windows 8 or later , 64-bit" -context "user_environment"
# webtalk_add_data -client project -key os_release -value "major release  (build 9200)" -context "user_environment"
# webtalk_add_data -client project -key cpu_name -value "11th Gen Intel(R) Core(TM) i7-1165G7 @ 2.80GHz" -context "user_environment"
# webtalk_add_data -client project -key cpu_speed -value "2803 MHz" -context "user_environment"
# webtalk_add_data -client project -key total_processors -value "1" -context "user_environment"
# webtalk_add_data -client project -key system_ram -value "16.885 GB" -context "user_environment"
# webtalk_register_client -client sdk
# webtalk_add_data -client sdk -key uid -value "1670931115320" -context "sdk\\\\hardware/1670931115320"
# webtalk_add_data -client sdk -key isZynq -value "true" -context "sdk\\\\hardware/1670931115320"
# webtalk_add_data -client sdk -key isZynqMP -value "false" -context "sdk\\\\hardware/1670931115320"
# webtalk_add_data -client sdk -key Processors -value "2" -context "sdk\\\\hardware/1670931115320"
# webtalk_add_data -client sdk -key VivadoVersion -value "2019.1" -context "sdk\\\\hardware/1670931115320"
# webtalk_add_data -client sdk -key Arch -value "zynq" -context "sdk\\\\hardware/1670931115320"
# webtalk_add_data -client sdk -key Device -value "7z020" -context "sdk\\\\hardware/1670931115320"
# webtalk_add_data -client sdk -key IsHandoff -value "true" -context "sdk\\\\hardware/1670931115320"
# webtalk_add_data -client sdk -key os -value "NA" -context "sdk\\\\hardware/1670931115320"
# webtalk_add_data -client sdk -key apptemplate -value "NA" -context "sdk\\\\hardware/1670931115320"
# webtalk_add_data -client sdk -key RecordType -value "HWCreation" -context "sdk\\\\hardware/1670931115320"
# webtalk_add_data -client sdk -key uid -value "1670931148135" -context "sdk\\\\bsp/1670931148135"
# webtalk_add_data -client sdk -key hwid -value "1670931115320" -context "sdk\\\\bsp/1670931148135"
# webtalk_add_data -client sdk -key os -value "standalone" -context "sdk\\\\bsp/1670931148135"
# webtalk_add_data -client sdk -key apptemplate -value "empty_application" -context "sdk\\\\bsp/1670931148135"
# webtalk_add_data -client sdk -key RecordType -value "BSPCreation" -context "sdk\\\\bsp/1670931148135"
# webtalk_add_data -client sdk -key uid -value "1670931151583" -context "sdk\\\\application/1670931151583"
# webtalk_add_data -client sdk -key hwid -value "1670931115320" -context "sdk\\\\application/1670931151583"
# webtalk_add_data -client sdk -key bspid -value "1670931148135" -context "sdk\\\\application/1670931151583"
# webtalk_add_data -client sdk -key newbsp -value "true" -context "sdk\\\\application/1670931151583"
# webtalk_add_data -client sdk -key os -value "standalone" -context "sdk\\\\application/1670931151583"
# webtalk_add_data -client sdk -key apptemplate -value "empty_application" -context "sdk\\\\application/1670931151583"
# webtalk_add_data -client sdk -key RecordType -value "APPCreation" -context "sdk\\\\application/1670931151583"
# webtalk_add_data -client sdk -key LangUsed -value "CPP" -context "sdk\\\\application/1670931151583"
# webtalk_add_data -client sdk -key Procused -value "ps7_cortexa9" -context "sdk\\\\application/1670931151583"
# webtalk_add_data -client sdk -key projSize -value "1979.3671875" -context "sdk\\\\application/1670931151583"
# webtalk_add_data -client sdk -key uid -value "NA" -context "sdk\\\\bsp/1670931299373"
# webtalk_add_data -client sdk -key RecordType -value "ToolUsage" -context "sdk\\\\bsp/1670931299373"
# webtalk_add_data -client sdk -key BootgenCount -value "0" -context "sdk\\\\bsp/1670931299373"
# webtalk_add_data -client sdk -key DebugCount -value "0" -context "sdk\\\\bsp/1670931299373"
# webtalk_add_data -client sdk -key PerfCount -value "0" -context "sdk\\\\bsp/1670931299373"
# webtalk_add_data -client sdk -key FlashCount -value "0" -context "sdk\\\\bsp/1670931299373"
# webtalk_add_data -client sdk -key CrossTriggCount -value "0" -context "sdk\\\\bsp/1670931299373"
# webtalk_add_data -client sdk -key QemuDebugCount -value "0" -context "sdk\\\\bsp/1670931299373"
# webtalk_transmit -clientid 726085388 -regid "211074094_1777518027_210734873_404" -xml C:\\Users\\ssinharoy\\Desktop\\CryptographicHardware22\\assignments\\Assignment2\\project_1\\project_1.sdk\\webtalk\\usage_statistics_ext_sdk.xml -html C:\\Users\\ssinharoy\\Desktop\\CryptographicHardware22\\assignments\\Assignment2\\project_1\\project_1.sdk\\webtalk\\usage_statistics_ext_sdk.html -wdm C:\\Users\\ssinharoy\\Desktop\\CryptographicHardware22\\assignments\\Assignment2\\project_1\\project_1.sdk\\webtalk\\sdk_webtalk.wdm -intro "<H3>SDK Usage Report</H3><BR>"
INFO: [Common 17-186] 'C:\Users\ssinharoy\Desktop\CryptographicHardware22\assignments\Assignment2\project_1\project_1.sdk\webtalk\usage_statistics_ext_sdk.xml' has been successfully sent to Xilinx on Tue Dec 13 12:35:06 2022. For additional details about this file, please refer to the WebTalk help file at C:/Xilinx/SDK/2019.1/doc/webtalk_introduction.html.
# webtalk_terminate
INFO: [Common 17-206] Exiting Webtalk at Tue Dec 13 12:35:06 2022...
