#-----------------------------------------------------------
# Vivado v2019.1 (64-bit)
# SW Build 2552052 on Fri May 24 14:49:42 MDT 2019
# IP Build 2548770 on Fri May 24 18:01:18 MDT 2019
# Start of session at: Tue Oct  5 20:10:28 2021
# Process ID: 18948
# Current directory: C:/Users/ssinharoy/Desktop/CryptographicEngineering/courses_sujoysinharoy/CryptographicEngineeringCourse2021-22/CryptoProcessor_clean1/project_1
# Command line: vivado.exe -gui_launcher_event rodinguilauncherevent11840 C:\Users\ssinharoy\Desktop\CryptographicEngineering\courses_sujoysinharoy\CryptographicEngineeringCourse2021-22\CryptoProcessor_clean1\project_1\project_1.xpr
# Log file: C:/Users/ssinharoy/Desktop/CryptographicEngineering/courses_sujoysinharoy/CryptographicEngineeringCourse2021-22/CryptoProcessor_clean1/project_1/vivado.log
# Journal file: C:/Users/ssinharoy/Desktop/CryptographicEngineering/courses_sujoysinharoy/CryptographicEngineeringCourse2021-22/CryptoProcessor_clean1/project_1\vivado.jou
#-----------------------------------------------------------
start_gui
open_project C:/Users/ssinharoy/Desktop/CryptographicEngineering/courses_sujoysinharoy/CryptographicEngineeringCourse2021-22/CryptoProcessor_clean1/project_1/project_1.xpr
INFO: [ProjectBase 1-489] The host OS only allows 260 characters in a normal path. The project is stored in a path with more than 80 characters. If you experience issues with IP, Block Designs, or files not being found, please consider moving the project to a location with a shorter path. Alternately consider using the OS subst command to map part of the path to a drive letter.
Current project path is 'C:/Users/ssinharoy/Desktop/CryptographicEngineering/courses_sujoysinharoy/CryptographicEngineeringCourse2021-22/CryptoProcessor_clean1/project_1'
Scanning sources...
Finished scanning sources
INFO: [IP_Flow 19-234] Refreshing IP repositories
INFO: [IP_Flow 19-1700] Loaded user IP repository 'c:/Users/ssinharoy/Desktop/CryptographicEngineering/courses_sujoysinharoy/CryptographicEngineeringCourse2021-22/CryptoProcessor_clean1/ip_repo/AXI_Slave8Ports_new_1.0'.
INFO: [IP_Flow 19-1700] Loaded user IP repository 'c:/Users/ssinharoy/Desktop/CryptographicEngineering/courses_sujoysinharoy/CryptographicEngineeringCourse2021-22/CryptoProcessor_clean1/ip_repo/AXI_Slave8Ports_1.0'.
INFO: [IP_Flow 19-1700] Loaded user IP repository 'c:/Users/ssinharoy/Desktop/CryptographicEngineering/courses_sujoysinharoy/CryptographicEngineeringCourse2021-22/CryptoProcessor_clean1/ip_repo/AXIslave_1.0'.
INFO: [IP_Flow 19-2313] Loaded Vivado IP repository 'C:/Xilinx/Vivado/2019.1/data/ip'.
WARNING: [IP_Flow 19-3664] IP 'cryptoprocessor_auto_pc_0' generated file not found 'c:/Users/ssinharoy/Desktop/CryptographicEngineering/courses_sujoysinharoy/CryptographicEngineeringCourse2021-22/CryptoProcessor_clean1/project_1/project_1.srcs/sources_1/bd/cryptoprocessor/ip/cryptoprocessor_auto_pc_0/cryptoprocessor_auto_pc_0_sim_netlist.vhdl'. Please regenerate to continue.
open_project: Time (s): cpu = 00:00:35 ; elapsed = 00:00:29 . Memory (MB): peak = 798.473 ; gain = 166.195
update_compile_order -fileset sources_1
INFO: [Vivado 12-4159] Implementation run is out of date. Exported hardware information may be inconsistent with respect to the current state of the design. It is recommended that you re-run implementation and re-generate bitstream before doing hardware export.
file mkdir C:/Users/ssinharoy/Desktop/CryptographicEngineering/courses_sujoysinharoy/CryptographicEngineeringCourse2021-22/CryptoProcessor_clean1/project_1/project_1.sdk
file copy -force C:/Users/ssinharoy/Desktop/CryptographicEngineering/courses_sujoysinharoy/CryptographicEngineeringCourse2021-22/CryptoProcessor_clean1/project_1/project_1.runs/impl_2/cryptoprocessor_wrapper.sysdef C:/Users/ssinharoy/Desktop/CryptographicEngineering/courses_sujoysinharoy/CryptographicEngineeringCourse2021-22/CryptoProcessor_clean1/project_1/project_1.sdk/cryptoprocessor_wrapper.hdf

INFO: [Vivado 12-4158] Exported Hardware file is out of date. Exported hardware information may be inconsistent with respect to the current state of the design. It is recommended that you re-export the design and launch SDK otherwise SDK is launched with out of date hardware system file.
launch_sdk -workspace C:/Users/ssinharoy/Desktop/CryptographicEngineering/courses_sujoysinharoy/CryptographicEngineeringCourse2021-22/CryptoProcessor_clean1/project_1/project_1.sdk -hwspec C:/Users/ssinharoy/Desktop/CryptographicEngineering/courses_sujoysinharoy/CryptographicEngineeringCourse2021-22/CryptoProcessor_clean1/project_1/project_1.sdk/cryptoprocessor_wrapper.hdf
INFO: [Vivado 12-393] Launching SDK...
INFO: [Vivado 12-417] Running xsdk -workspace C:/Users/ssinharoy/Desktop/CryptographicEngineering/courses_sujoysinharoy/CryptographicEngineeringCourse2021-22/CryptoProcessor_clean1/project_1/project_1.sdk -hwspec C:/Users/ssinharoy/Desktop/CryptographicEngineering/courses_sujoysinharoy/CryptographicEngineeringCourse2021-22/CryptoProcessor_clean1/project_1/project_1.sdk/cryptoprocessor_wrapper.hdf
INFO: [Vivado 12-3157] SDK launch initiated. Please check console for any further messages.
exit
INFO: [Common 17-206] Exiting Vivado at Tue Oct  5 20:17:39 2021...
